<?xml version="1.0" encoding="UTF-8"?>
<coverage generated="1652435938684" clover="3.2.0">
  <project timestamp="1652435938684" name="All files">
    <metrics statements="7" coveredstatements="7" conditionals="8" coveredconditionals="8" methods="2" coveredmethods="2" elements="17" coveredelements="17" complexity="0" loc="7" ncloc="7" packages="1" files="1" classes="1"/>
    <file name="template.js" path="C:\Users\JobvanderTas\Documents\GitHub\GameOfLife\src\template.js">
      <metrics statements="7" coveredstatements="7" conditionals="8" coveredconditionals="8" methods="2" coveredmethods="2"/>
      <line num="2" count="9" type="stmt"/>
      <line num="6" count="4" type="cond" truecount="4" falsecount="0"/>
      <line num="7" count="1" type="stmt"/>
      <line num="8" count="3" type="cond" truecount="4" falsecount="0"/>
      <line num="9" count="2" type="stmt"/>
      <line num="11" count="1" type="stmt"/>
      <line num="14" count="1" type="stmt"/>
    </file>
  </project>
</coverage>
