<?xml version="1.0" encoding="UTF-8"?>
<coverage generated="1654076863465" clover="3.2.0">
  <project timestamp="1654076863465" name="All files">
    <metrics statements="59" coveredstatements="59" conditionals="34" coveredconditionals="34" methods="17" coveredmethods="17" elements="110" coveredelements="110" complexity="0" loc="59" ncloc="59" packages="1" files="1" classes="1"/>
    <file name="template.js" path="C:\Users\mathi\Documents\GitHub\GameOfLife1\src\template.js">
      <metrics statements="59" coveredstatements="59" conditionals="34" coveredconditionals="34" methods="17" coveredmethods="17"/>
      <line num="2" count="20" type="stmt"/>
      <line num="6" count="30" type="stmt"/>
      <line num="7" count="30" type="stmt"/>
      <line num="18" count="30" type="cond" truecount="2" falsecount="0"/>
      <line num="19" count="9" type="stmt"/>
      <line num="20" count="21" type="stmt"/>
      <line num="24" count="30" type="cond" truecount="2" falsecount="0"/>
      <line num="25" count="4" type="stmt"/>
      <line num="26" count="26" type="stmt"/>
      <line num="30" count="30" type="cond" truecount="2" falsecount="0"/>
      <line num="31" count="18" type="cond" truecount="2" falsecount="0"/>
      <line num="32" count="5" type="stmt"/>
      <line num="33" count="13" type="stmt"/>
      <line num="34" count="12" type="stmt"/>
      <line num="38" count="30" type="cond" truecount="2" falsecount="0"/>
      <line num="39" count="18" type="cond" truecount="2" falsecount="0"/>
      <line num="40" count="3" type="stmt"/>
      <line num="41" count="15" type="stmt"/>
      <line num="42" count="12" type="stmt"/>
      <line num="46" count="30" type="cond" truecount="2" falsecount="0"/>
      <line num="47" count="18" type="cond" truecount="2" falsecount="0"/>
      <line num="48" count="3" type="stmt"/>
      <line num="49" count="15" type="stmt"/>
      <line num="50" count="12" type="stmt"/>
      <line num="54" count="30" type="cond" truecount="2" falsecount="0"/>
      <line num="55" count="15" type="cond" truecount="2" falsecount="0"/>
      <line num="56" count="2" type="stmt"/>
      <line num="57" count="13" type="stmt"/>
      <line num="58" count="15" type="stmt"/>
      <line num="62" count="30" type="cond" truecount="2" falsecount="0"/>
      <line num="63" count="15" type="cond" truecount="2" falsecount="0"/>
      <line num="64" count="2" type="stmt"/>
      <line num="65" count="13" type="stmt"/>
      <line num="66" count="15" type="stmt"/>
      <line num="70" count="30" type="cond" truecount="2" falsecount="0"/>
      <line num="71" count="15" type="cond" truecount="2" falsecount="0"/>
      <line num="72" count="2" type="stmt"/>
      <line num="73" count="13" type="stmt"/>
      <line num="74" count="15" type="stmt"/>
      <line num="78" count="90" type="stmt"/>
      <line num="79" count="90" type="stmt"/>
      <line num="83" count="90" type="stmt"/>
      <line num="87" count="26" type="stmt"/>
      <line num="91" count="3" type="stmt"/>
      <line num="95" count="6" type="stmt"/>
      <line num="99" count="26" type="cond" truecount="2" falsecount="0"/>
      <line num="100" count="2" type="stmt"/>
      <line num="101" count="24" type="cond" truecount="4" falsecount="0"/>
      <line num="102" count="22" type="stmt"/>
      <line num="103" count="2" type="stmt"/>
      <line num="107" count="2" type="stmt"/>
      <line num="108" count="2" type="stmt"/>
      <line num="109" count="6" type="stmt"/>
      <line num="110" count="18" type="stmt"/>
      <line num="111" count="18" type="stmt"/>
      <line num="112" count="18" type="stmt"/>
      <line num="113" count="18" type="stmt"/>
      <line num="116" count="2" type="stmt"/>
      <line num="119" count="1" type="stmt"/>
    </file>
  </project>
</coverage>
