{"C:\\Users\\mathi\\Documents\\GitHub\\GameOfLife\\src\\template.js": {"path":"C:\\Users\\mathi\\Documents\\GitHub\\GameOfLife\\src\\template.js","statementMap":{"0":{"start":{"line":2,"column":4},"end":{"line":2,"column":20}},"1":{"start":{"line":6,"column":32},"end":{"line":6,"column":33}},"2":{"start":{"line":7,"column":4},"end":{"line":7,"column":373}},"3":{"start":{"line":11,"column":4},"end":{"line":13,"column":19}},"4":{"start":{"line":12,"column":8},"end":{"line":12,"column":16}},"5":{"start":{"line":13,"column":11},"end":{"line":13,"column":19}},"6":{"start":{"line":17,"column":4},"end":{"line":19,"column":19}},"7":{"start":{"line":18,"column":8},"end":{"line":18,"column":16}},"8":{"start":{"line":19,"column":11},"end":{"line":19,"column":19}},"9":{"start":{"line":23,"column":4},"end":{"line":27,"column":5}},"10":{"start":{"line":24,"column":8},"end":{"line":26,"column":23}},"11":{"start":{"line":25,"column":12},"end":{"line":25,"column":20}},"12":{"start":{"line":26,"column":15},"end":{"line":26,"column":23}},"13":{"start":{"line":27,"column":6},"end":{"line":27,"column":14}},"14":{"start":{"line":31,"column":4},"end":{"line":35,"column":5}},"15":{"start":{"line":32,"column":8},"end":{"line":34,"column":23}},"16":{"start":{"line":33,"column":12},"end":{"line":33,"column":20}},"17":{"start":{"line":34,"column":15},"end":{"line":34,"column":23}},"18":{"start":{"line":35,"column":6},"end":{"line":35,"column":14}},"19":{"start":{"line":39,"column":4},"end":{"line":43,"column":5}},"20":{"start":{"line":40,"column":8},"end":{"line":42,"column":23}},"21":{"start":{"line":41,"column":12},"end":{"line":41,"column":20}},"22":{"start":{"line":42,"column":15},"end":{"line":42,"column":23}},"23":{"start":{"line":43,"column":6},"end":{"line":43,"column":14}},"24":{"start":{"line":47,"column":33},"end":{"line":47,"column":44}},"25":{"start":{"line":48,"column":4},"end":{"line":48,"column":51}},"26":{"start":{"line":52,"column":4},"end":{"line":52,"column":22}},"27":{"start":{"line":55,"column":0},"end":{"line":55,"column":70}}},"fnMap":{"0":{"name":"isTheCellAlive","decl":{"start":{"line":1,"column":9},"end":{"line":1,"column":23}},"loc":{"start":{"line":1,"column":30},"end":{"line":3,"column":1}},"line":1},"1":{"name":"determineTheAmountOfAliveNeighbours","decl":{"start":{"line":5,"column":9},"end":{"line":5,"column":44}},"loc":{"start":{"line":5,"column":76},"end":{"line":8,"column":1}},"line":5},"2":{"name":"isThereANeighbourAliveOnTheRight","decl":{"start":{"line":10,"column":9},"end":{"line":10,"column":41}},"loc":{"start":{"line":10,"column":72},"end":{"line":14,"column":1}},"line":10},"3":{"name":"isThereANeighbourAliveOnTheLeft","decl":{"start":{"line":16,"column":9},"end":{"line":16,"column":40}},"loc":{"start":{"line":16,"column":72},"end":{"line":20,"column":1}},"line":16},"4":{"name":"isThereANeighbourAliveDownUnder","decl":{"start":{"line":22,"column":9},"end":{"line":22,"column":40}},"loc":{"start":{"line":22,"column":72},"end":{"line":28,"column":1}},"line":22},"5":{"name":"isThereANeighbourAliveDownUnderToTheRight","decl":{"start":{"line":30,"column":9},"end":{"line":30,"column":50}},"loc":{"start":{"line":30,"column":82},"end":{"line":36,"column":1}},"line":30},"6":{"name":"isThereANeighbourAliveAboveToTheLeft","decl":{"start":{"line":38,"column":9},"end":{"line":38,"column":45}},"loc":{"start":{"line":38,"column":77},"end":{"line":44,"column":1}},"line":38},"7":{"name":"doesTheUniverseContinueBelowThisRow","decl":{"start":{"line":46,"column":9},"end":{"line":46,"column":44}},"loc":{"start":{"line":46,"column":63},"end":{"line":49,"column":1}},"line":46},"8":{"name":"doesTheUniverseContinueAboveThisRow","decl":{"start":{"line":51,"column":9},"end":{"line":51,"column":44}},"loc":{"start":{"line":51,"column":54},"end":{"line":53,"column":1}},"line":51}},"branchMap":{"0":{"loc":{"start":{"line":11,"column":4},"end":{"line":13,"column":19}},"type":"if","locations":[{"start":{"line":11,"column":4},"end":{"line":13,"column":19}},{"start":{"line":13,"column":11},"end":{"line":13,"column":19}}],"line":11},"1":{"loc":{"start":{"line":17,"column":4},"end":{"line":19,"column":19}},"type":"if","locations":[{"start":{"line":17,"column":4},"end":{"line":19,"column":19}},{"start":{"line":19,"column":11},"end":{"line":19,"column":19}}],"line":17},"2":{"loc":{"start":{"line":23,"column":4},"end":{"line":27,"column":5}},"type":"if","locations":[{"start":{"line":23,"column":4},"end":{"line":27,"column":5}},{"start":{},"end":{}}],"line":23},"3":{"loc":{"start":{"line":24,"column":8},"end":{"line":26,"column":23}},"type":"if","locations":[{"start":{"line":24,"column":8},"end":{"line":26,"column":23}},{"start":{"line":26,"column":15},"end":{"line":26,"column":23}}],"line":24},"4":{"loc":{"start":{"line":31,"column":4},"end":{"line":35,"column":5}},"type":"if","locations":[{"start":{"line":31,"column":4},"end":{"line":35,"column":5}},{"start":{},"end":{}}],"line":31},"5":{"loc":{"start":{"line":32,"column":8},"end":{"line":34,"column":23}},"type":"if","locations":[{"start":{"line":32,"column":8},"end":{"line":34,"column":23}},{"start":{"line":34,"column":15},"end":{"line":34,"column":23}}],"line":32},"6":{"loc":{"start":{"line":39,"column":4},"end":{"line":43,"column":5}},"type":"if","locations":[{"start":{"line":39,"column":4},"end":{"line":43,"column":5}},{"start":{},"end":{}}],"line":39},"7":{"loc":{"start":{"line":40,"column":8},"end":{"line":42,"column":23}},"type":"if","locations":[{"start":{"line":40,"column":8},"end":{"line":42,"column":23}},{"start":{"line":42,"column":15},"end":{"line":42,"column":23}}],"line":40}},"s":{"0":2,"1":9,"2":9,"3":9,"4":6,"5":3,"6":9,"7":2,"8":7,"9":9,"10":4,"11":2,"12":2,"13":5,"14":9,"15":4,"16":1,"17":3,"18":5,"19":9,"20":1,"21":1,"22":0,"23":8,"24":18,"25":18,"26":9,"27":1},"f":{"0":2,"1":9,"2":9,"3":9,"4":9,"5":9,"6":9,"7":18,"8":9},"b":{"0":[6,3],"1":[2,7],"2":[4,5],"3":[2,2],"4":[4,5],"5":[1,3],"6":[1,8],"7":[1,0]},"_coverageSchema":"1a1c01bbd47fc00a2c39e90264f33305004495a9","hash":"7059872f2c117ee89abae4989fcea28a97130aec"}
}
