{"C:\\Users\\mathi\\Documents\\GitHub\\GameOfLife1\\src\\template.js": {"path":"C:\\Users\\mathi\\Documents\\GitHub\\GameOfLife1\\src\\template.js","statementMap":{"0":{"start":{"line":2,"column":4},"end":{"line":2,"column":20}},"1":{"start":{"line":6,"column":32},"end":{"line":6,"column":33}},"2":{"start":{"line":7,"column":4},"end":{"line":14,"column":69}},"3":{"start":{"line":18,"column":4},"end":{"line":20,"column":19}},"4":{"start":{"line":19,"column":8},"end":{"line":19,"column":16}},"5":{"start":{"line":20,"column":11},"end":{"line":20,"column":19}},"6":{"start":{"line":24,"column":4},"end":{"line":26,"column":19}},"7":{"start":{"line":25,"column":8},"end":{"line":25,"column":16}},"8":{"start":{"line":26,"column":11},"end":{"line":26,"column":19}},"9":{"start":{"line":30,"column":4},"end":{"line":34,"column":5}},"10":{"start":{"line":31,"column":8},"end":{"line":33,"column":23}},"11":{"start":{"line":32,"column":12},"end":{"line":32,"column":20}},"12":{"start":{"line":33,"column":15},"end":{"line":33,"column":23}},"13":{"start":{"line":34,"column":6},"end":{"line":34,"column":14}},"14":{"start":{"line":38,"column":4},"end":{"line":42,"column":5}},"15":{"start":{"line":39,"column":8},"end":{"line":41,"column":23}},"16":{"start":{"line":40,"column":12},"end":{"line":40,"column":20}},"17":{"start":{"line":41,"column":15},"end":{"line":41,"column":23}},"18":{"start":{"line":42,"column":6},"end":{"line":42,"column":14}},"19":{"start":{"line":46,"column":4},"end":{"line":50,"column":5}},"20":{"start":{"line":47,"column":8},"end":{"line":49,"column":23}},"21":{"start":{"line":48,"column":12},"end":{"line":48,"column":20}},"22":{"start":{"line":49,"column":15},"end":{"line":49,"column":23}},"23":{"start":{"line":50,"column":6},"end":{"line":50,"column":14}},"24":{"start":{"line":54,"column":4},"end":{"line":58,"column":5}},"25":{"start":{"line":55,"column":8},"end":{"line":57,"column":23}},"26":{"start":{"line":56,"column":12},"end":{"line":56,"column":20}},"27":{"start":{"line":57,"column":15},"end":{"line":57,"column":23}},"28":{"start":{"line":58,"column":6},"end":{"line":58,"column":14}},"29":{"start":{"line":62,"column":4},"end":{"line":66,"column":5}},"30":{"start":{"line":63,"column":8},"end":{"line":65,"column":23}},"31":{"start":{"line":64,"column":12},"end":{"line":64,"column":20}},"32":{"start":{"line":65,"column":15},"end":{"line":65,"column":23}},"33":{"start":{"line":66,"column":6},"end":{"line":66,"column":14}},"34":{"start":{"line":70,"column":4},"end":{"line":74,"column":5}},"35":{"start":{"line":71,"column":8},"end":{"line":73,"column":23}},"36":{"start":{"line":72,"column":12},"end":{"line":72,"column":20}},"37":{"start":{"line":73,"column":15},"end":{"line":73,"column":23}},"38":{"start":{"line":74,"column":6},"end":{"line":74,"column":14}},"39":{"start":{"line":78,"column":33},"end":{"line":78,"column":44}},"40":{"start":{"line":79,"column":4},"end":{"line":79,"column":51}},"41":{"start":{"line":83,"column":4},"end":{"line":83,"column":22}},"42":{"start":{"line":87,"column":4},"end":{"line":87,"column":31}},"43":{"start":{"line":91,"column":4},"end":{"line":91,"column":31}},"44":{"start":{"line":95,"column":4},"end":{"line":95,"column":30}},"45":{"start":{"line":99,"column":4},"end":{"line":101,"column":5}},"46":{"start":{"line":100,"column":8},"end":{"line":100,"column":25}},"47":{"start":{"line":101,"column":6},"end":{"line":103,"column":19}},"48":{"start":{"line":102,"column":8},"end":{"line":102,"column":16}},"49":{"start":{"line":103,"column":11},"end":{"line":103,"column":19}},"50":{"start":{"line":107,"column":33},"end":{"line":107,"column":58}},"51":{"start":{"line":108,"column":4},"end":{"line":115,"column":5}},"52":{"start":{"line":108,"column":29},"end":{"line":108,"column":30}},"53":{"start":{"line":109,"column":8},"end":{"line":114,"column":9}},"54":{"start":{"line":109,"column":31},"end":{"line":109,"column":32}},"55":{"start":{"line":110,"column":29},"end":{"line":110,"column":56}},"56":{"start":{"line":111,"column":34},"end":{"line":111,"column":124}},"57":{"start":{"line":112,"column":33},"end":{"line":112,"column":87}},"58":{"start":{"line":113,"column":12},"end":{"line":113,"column":80}},"59":{"start":{"line":116,"column":4},"end":{"line":116,"column":33}},"60":{"start":{"line":119,"column":0},"end":{"line":127,"column":1}}},"fnMap":{"0":{"name":"isTheCellAlive","decl":{"start":{"line":1,"column":9},"end":{"line":1,"column":23}},"loc":{"start":{"line":1,"column":30},"end":{"line":3,"column":1}},"line":1},"1":{"name":"determineTheAmountOfAliveNeighbours","decl":{"start":{"line":5,"column":9},"end":{"line":5,"column":44}},"loc":{"start":{"line":5,"column":76},"end":{"line":15,"column":1}},"line":5},"2":{"name":"isThereANeighbourAliveOnTheRight","decl":{"start":{"line":17,"column":9},"end":{"line":17,"column":41}},"loc":{"start":{"line":17,"column":72},"end":{"line":21,"column":1}},"line":17},"3":{"name":"isThereANeighbourAliveOnTheLeft","decl":{"start":{"line":23,"column":9},"end":{"line":23,"column":40}},"loc":{"start":{"line":23,"column":72},"end":{"line":27,"column":1}},"line":23},"4":{"name":"isThereANeighbourAliveDownUnder","decl":{"start":{"line":29,"column":9},"end":{"line":29,"column":40}},"loc":{"start":{"line":29,"column":72},"end":{"line":35,"column":1}},"line":29},"5":{"name":"isThereANeighbourAliveDownUnderToTheRight","decl":{"start":{"line":37,"column":9},"end":{"line":37,"column":50}},"loc":{"start":{"line":37,"column":82},"end":{"line":43,"column":1}},"line":37},"6":{"name":"isThereANeighbourAliveDownUnderToTheLeft","decl":{"start":{"line":45,"column":9},"end":{"line":45,"column":49}},"loc":{"start":{"line":45,"column":81},"end":{"line":51,"column":1}},"line":45},"7":{"name":"isThereANeighbourAliveAboveToTheLeft","decl":{"start":{"line":53,"column":9},"end":{"line":53,"column":45}},"loc":{"start":{"line":53,"column":77},"end":{"line":59,"column":1}},"line":53},"8":{"name":"isThereANeighbourAliveAboveToTheRight","decl":{"start":{"line":61,"column":9},"end":{"line":61,"column":46}},"loc":{"start":{"line":61,"column":78},"end":{"line":67,"column":1}},"line":61},"9":{"name":"isThereANeighbourAliveRightAbove","decl":{"start":{"line":69,"column":9},"end":{"line":69,"column":41}},"loc":{"start":{"line":69,"column":73},"end":{"line":75,"column":1}},"line":69},"10":{"name":"doesTheUniverseContinueBelowThisRow","decl":{"start":{"line":77,"column":9},"end":{"line":77,"column":44}},"loc":{"start":{"line":77,"column":63},"end":{"line":80,"column":1}},"line":77},"11":{"name":"doesTheUniverseContinueAboveThisRow","decl":{"start":{"line":82,"column":9},"end":{"line":82,"column":44}},"loc":{"start":{"line":82,"column":54},"end":{"line":84,"column":1}},"line":82},"12":{"name":"determineIfThereIsUnderpopulation","decl":{"start":{"line":86,"column":9},"end":{"line":86,"column":42}},"loc":{"start":{"line":86,"column":60},"end":{"line":88,"column":1}},"line":86},"13":{"name":"determineIfThereIsReproduction","decl":{"start":{"line":90,"column":9},"end":{"line":90,"column":39}},"loc":{"start":{"line":90,"column":57},"end":{"line":92,"column":1}},"line":90},"14":{"name":"determineIfThereIsOvercrowding","decl":{"start":{"line":94,"column":9},"end":{"line":94,"column":39}},"loc":{"start":{"line":94,"column":57},"end":{"line":96,"column":1}},"line":94},"15":{"name":"determineNextStatusOfCell","decl":{"start":{"line":98,"column":9},"end":{"line":98,"column":34}},"loc":{"start":{"line":98,"column":64},"end":{"line":104,"column":1}},"line":98},"16":{"name":"determineNextStateOfUniverse","decl":{"start":{"line":106,"column":9},"end":{"line":106,"column":37}},"loc":{"start":{"line":106,"column":65},"end":{"line":117,"column":1}},"line":106}},"branchMap":{"0":{"loc":{"start":{"line":18,"column":4},"end":{"line":20,"column":19}},"type":"if","locations":[{"start":{"line":18,"column":4},"end":{"line":20,"column":19}},{"start":{"line":20,"column":11},"end":{"line":20,"column":19}}],"line":18},"1":{"loc":{"start":{"line":24,"column":4},"end":{"line":26,"column":19}},"type":"if","locations":[{"start":{"line":24,"column":4},"end":{"line":26,"column":19}},{"start":{"line":26,"column":11},"end":{"line":26,"column":19}}],"line":24},"2":{"loc":{"start":{"line":30,"column":4},"end":{"line":34,"column":5}},"type":"if","locations":[{"start":{"line":30,"column":4},"end":{"line":34,"column":5}},{"start":{},"end":{}}],"line":30},"3":{"loc":{"start":{"line":31,"column":8},"end":{"line":33,"column":23}},"type":"if","locations":[{"start":{"line":31,"column":8},"end":{"line":33,"column":23}},{"start":{"line":33,"column":15},"end":{"line":33,"column":23}}],"line":31},"4":{"loc":{"start":{"line":38,"column":4},"end":{"line":42,"column":5}},"type":"if","locations":[{"start":{"line":38,"column":4},"end":{"line":42,"column":5}},{"start":{},"end":{}}],"line":38},"5":{"loc":{"start":{"line":39,"column":8},"end":{"line":41,"column":23}},"type":"if","locations":[{"start":{"line":39,"column":8},"end":{"line":41,"column":23}},{"start":{"line":41,"column":15},"end":{"line":41,"column":23}}],"line":39},"6":{"loc":{"start":{"line":46,"column":4},"end":{"line":50,"column":5}},"type":"if","locations":[{"start":{"line":46,"column":4},"end":{"line":50,"column":5}},{"start":{},"end":{}}],"line":46},"7":{"loc":{"start":{"line":47,"column":8},"end":{"line":49,"column":23}},"type":"if","locations":[{"start":{"line":47,"column":8},"end":{"line":49,"column":23}},{"start":{"line":49,"column":15},"end":{"line":49,"column":23}}],"line":47},"8":{"loc":{"start":{"line":54,"column":4},"end":{"line":58,"column":5}},"type":"if","locations":[{"start":{"line":54,"column":4},"end":{"line":58,"column":5}},{"start":{},"end":{}}],"line":54},"9":{"loc":{"start":{"line":55,"column":8},"end":{"line":57,"column":23}},"type":"if","locations":[{"start":{"line":55,"column":8},"end":{"line":57,"column":23}},{"start":{"line":57,"column":15},"end":{"line":57,"column":23}}],"line":55},"10":{"loc":{"start":{"line":62,"column":4},"end":{"line":66,"column":5}},"type":"if","locations":[{"start":{"line":62,"column":4},"end":{"line":66,"column":5}},{"start":{},"end":{}}],"line":62},"11":{"loc":{"start":{"line":63,"column":8},"end":{"line":65,"column":23}},"type":"if","locations":[{"start":{"line":63,"column":8},"end":{"line":65,"column":23}},{"start":{"line":65,"column":15},"end":{"line":65,"column":23}}],"line":63},"12":{"loc":{"start":{"line":70,"column":4},"end":{"line":74,"column":5}},"type":"if","locations":[{"start":{"line":70,"column":4},"end":{"line":74,"column":5}},{"start":{},"end":{}}],"line":70},"13":{"loc":{"start":{"line":71,"column":8},"end":{"line":73,"column":23}},"type":"if","locations":[{"start":{"line":71,"column":8},"end":{"line":73,"column":23}},{"start":{"line":73,"column":15},"end":{"line":73,"column":23}}],"line":71},"14":{"loc":{"start":{"line":99,"column":4},"end":{"line":101,"column":5}},"type":"if","locations":[{"start":{"line":99,"column":4},"end":{"line":101,"column":5}},{"start":{},"end":{}}],"line":99},"15":{"loc":{"start":{"line":101,"column":6},"end":{"line":103,"column":19}},"type":"if","locations":[{"start":{"line":101,"column":6},"end":{"line":103,"column":19}},{"start":{"line":103,"column":11},"end":{"line":103,"column":19}}],"line":101},"16":{"loc":{"start":{"line":101,"column":10},"end":{"line":101,"column":111}},"type":"binary-expr","locations":[{"start":{"line":101,"column":10},"end":{"line":101,"column":60}},{"start":{"line":101,"column":64},"end":{"line":101,"column":111}}],"line":101}},"s":{"0":20,"1":30,"2":30,"3":30,"4":9,"5":21,"6":30,"7":4,"8":26,"9":30,"10":18,"11":5,"12":13,"13":12,"14":30,"15":18,"16":3,"17":15,"18":12,"19":30,"20":18,"21":3,"22":15,"23":12,"24":30,"25":15,"26":2,"27":13,"28":15,"29":30,"30":15,"31":2,"32":13,"33":15,"34":30,"35":15,"36":2,"37":13,"38":15,"39":90,"40":90,"41":90,"42":26,"43":3,"44":6,"45":26,"46":2,"47":24,"48":22,"49":2,"50":2,"51":2,"52":2,"53":6,"54":6,"55":18,"56":18,"57":18,"58":18,"59":2,"60":1},"f":{"0":20,"1":30,"2":30,"3":30,"4":30,"5":30,"6":30,"7":30,"8":30,"9":30,"10":90,"11":90,"12":26,"13":3,"14":6,"15":26,"16":2},"b":{"0":[9,21],"1":[4,26],"2":[18,12],"3":[5,13],"4":[18,12],"5":[3,15],"6":[18,12],"7":[3,15],"8":[15,15],"9":[2,13],"10":[15,15],"11":[2,13],"12":[15,15],"13":[2,13],"14":[2,24],"15":[22,2],"16":[24,4]},"_coverageSchema":"1a1c01bbd47fc00a2c39e90264f33305004495a9","hash":"f5638ac8a4466040003940821cab6ac3bffecf15"}
}
