TN:
SF:src\template.js
FN:1,isTheCellAlive
FN:5,determineTheAmountOfAliveNeighbours
FN:10,isThereANeighbourAliveOnTheRight
FN:16,isThereANeighbourAliveOnTheLeft
FN:22,isThereANeighbourAliveDownUnder
FN:30,isThereANeighbourAliveDownUnderToTheRight
FN:38,isThereANeighbourAliveAboveToTheLeft
FN:46,doesTheUniverseContinueBelowThisRow
FN:51,doesTheUniverseContinueAboveThisRow
FNF:9
FNH:9
FNDA:2,isTheCellAlive
FNDA:9,determineTheAmountOfAliveNeighbours
FNDA:9,isThereANeighbourAliveOnTheRight
FNDA:9,isThereANeighbourAliveOnTheLeft
FNDA:9,isThereANeighbourAliveDownUnder
FNDA:9,isThereANeighbourAliveDownUnderToTheRight
FNDA:9,isThereANeighbourAliveAboveToTheLeft
FNDA:18,doesTheUniverseContinueBelowThisRow
FNDA:9,doesTheUniverseContinueAboveThisRow
DA:2,2
DA:6,9
DA:7,9
DA:11,9
DA:12,6
DA:13,3
DA:17,9
DA:18,2
DA:19,7
DA:23,9
DA:24,4
DA:25,2
DA:26,2
DA:27,5
DA:31,9
DA:32,4
DA:33,1
DA:34,3
DA:35,5
DA:39,9
DA:40,1
DA:41,1
DA:42,0
DA:43,8
DA:47,18
DA:48,18
DA:52,9
DA:55,1
LF:28
LH:27
BRDA:11,0,0,6
BRDA:11,0,1,3
BRDA:17,1,0,2
BRDA:17,1,1,7
BRDA:23,2,0,4
BRDA:23,2,1,5
BRDA:24,3,0,2
BRDA:24,3,1,2
BRDA:31,4,0,4
BRDA:31,4,1,5
BRDA:32,5,0,1
BRDA:32,5,1,3
BRDA:39,6,0,1
BRDA:39,6,1,8
BRDA:40,7,0,1
BRDA:40,7,1,0
BRF:16
BRH:15
end_of_record
