TN:
SF:src\template.js
FN:1,isTheCellAlive
FN:5,determineTheAmountOfAliveNeighbours
FN:17,isThereANeighbourAliveOnTheRight
FN:23,isThereANeighbourAliveOnTheLeft
FN:29,isThereANeighbourAliveDownUnder
FN:37,isThereANeighbourAliveDownUnderToTheRight
FN:45,isThereANeighbourAliveDownUnderToTheLeft
FN:53,isThereANeighbourAliveAboveToTheLeft
FN:61,isThereANeighbourAliveAboveToTheRight
FN:69,isThereANeighbourAliveRightAbove
FN:77,doesTheUniverseContinueBelowThisRow
FN:82,doesTheUniverseContinueAboveThisRow
FN:86,determineIfThereIsUnderpopulation
FN:90,determineIfThereIsReproduction
FN:94,determineIfThereIsOvercrowding
FN:98,determineNextStatusOfCell
FNF:16
FNH:16
FNDA:2,isTheCellAlive
FNDA:12,determineTheAmountOfAliveNeighbours
FNDA:12,isThereANeighbourAliveOnTheRight
FNDA:12,isThereANeighbourAliveOnTheLeft
FNDA:12,isThereANeighbourAliveDownUnder
FNDA:12,isThereANeighbourAliveDownUnderToTheRight
FNDA:12,isThereANeighbourAliveDownUnderToTheLeft
FNDA:12,isThereANeighbourAliveAboveToTheLeft
FNDA:12,isThereANeighbourAliveAboveToTheRight
FNDA:12,isThereANeighbourAliveRightAbove
FNDA:36,doesTheUniverseContinueBelowThisRow
FNDA:36,doesTheUniverseContinueAboveThisRow
FNDA:2,determineIfThereIsUnderpopulation
FNDA:3,determineIfThereIsReproduction
FNDA:2,determineIfThereIsOvercrowding
FNDA:2,determineNextStatusOfCell
DA:2,2
DA:6,12
DA:7,12
DA:18,12
DA:19,8
DA:20,4
DA:24,12
DA:25,4
DA:26,8
DA:30,12
DA:31,6
DA:32,4
DA:33,2
DA:34,6
DA:38,12
DA:39,6
DA:40,2
DA:41,4
DA:42,6
DA:46,12
DA:47,6
DA:48,2
DA:49,4
DA:50,6
DA:54,12
DA:55,3
DA:56,2
DA:57,1
DA:58,9
DA:62,12
DA:63,3
DA:64,2
DA:65,1
DA:66,9
DA:70,12
DA:71,3
DA:72,2
DA:73,1
DA:74,9
DA:78,36
DA:79,36
DA:83,36
DA:87,2
DA:91,3
DA:95,2
DA:99,2
DA:100,1
DA:102,1
DA:105,1
LF:49
LH:49
BRDA:18,0,0,8
BRDA:18,0,1,4
BRDA:24,1,0,4
BRDA:24,1,1,8
BRDA:30,2,0,6
BRDA:30,2,1,6
BRDA:31,3,0,4
BRDA:31,3,1,2
BRDA:38,4,0,6
BRDA:38,4,1,6
BRDA:39,5,0,2
BRDA:39,5,1,4
BRDA:46,6,0,6
BRDA:46,6,1,6
BRDA:47,7,0,2
BRDA:47,7,1,4
BRDA:54,8,0,3
BRDA:54,8,1,9
BRDA:55,9,0,2
BRDA:55,9,1,1
BRDA:62,10,0,3
BRDA:62,10,1,9
BRDA:63,11,0,2
BRDA:63,11,1,1
BRDA:70,12,0,3
BRDA:70,12,1,9
BRDA:71,13,0,2
BRDA:71,13,1,1
BRDA:99,14,0,1
BRDA:99,14,1,1
BRF:30
BRH:30
end_of_record
